0 info it worked if it ends with ok
1 verbose cli [ 'node', '/home/bpietravalle/local/bin/npm', 'publish' ]
2 info using npm@2.13.3
3 info using node@v0.12.7
4 verbose publish [ '.' ]
5 silly cache add args [ '.', null ]
6 verbose cache add spec .
7 silly cache add parsed spec { raw: '.',
7 silly cache add   scope: null,
7 silly cache add   name: null,
7 silly cache add   rawSpec: '.',
7 silly cache add   spec: '/home/bpietravalle/docs/dev/fireStarter',
7 silly cache add   type: 'directory' }
8 verbose addLocalDirectory /home/bpietravalle/.npm/firebase-starter/0.1.0/package.tgz not in flight; packing
9 verbose tar pack [ '/home/bpietravalle/.npm/firebase-starter/0.1.0/package.tgz',
9 verbose tar pack   '/home/bpietravalle/docs/dev/fireStarter' ]
10 verbose tarball /home/bpietravalle/.npm/firebase-starter/0.1.0/package.tgz
11 verbose folder /home/bpietravalle/docs/dev/fireStarter
12 info prepublish firebase-starter@0.1.0
13 verbose stack TypeError: Arguments to path.resolve must be strings
13 verbose stack     at Object.posix.resolve (path.js:439:13)
13 verbose stack     at Packer.applyIgnores (/home/bpietravalle/local/lib/node_modules/npm/node_modules/fstream-npm/fstream-npm.js:109:59)
13 verbose stack     at Packer.<anonymous> (/home/bpietravalle/local/lib/node_modules/npm/node_modules/fstream-npm/node_modules/fstream-ignore/ignore.js:181:17)
13 verbose stack     at Array.filter (native)
13 verbose stack     at Packer.IgnoreReader.filterEntries (/home/bpietravalle/local/lib/node_modules/npm/node_modules/fstream-npm/node_modules/fstream-ignore/ignore.js:179:31)
13 verbose stack     at Packer.<anonymous> (/home/bpietravalle/local/lib/node_modules/npm/node_modules/fstream-npm/node_modules/fstream-ignore/ignore.js:92:12)
13 verbose stack     at Packer.<anonymous> (/home/bpietravalle/local/lib/node_modules/npm/node_modules/fstream-npm/node_modules/fstream-ignore/ignore.js:134:5)
13 verbose stack     at /home/bpietravalle/local/lib/node_modules/npm/node_modules/graceful-fs/graceful-fs.js:76:16
13 verbose stack     at fs.js:334:14
13 verbose stack     at /home/bpietravalle/local/lib/node_modules/npm/node_modules/graceful-fs/graceful-fs.js:42:10
14 verbose cwd /home/bpietravalle/docs/dev/fireStarter
15 error Linux 3.13.0-65-generic
16 error argv "node" "/home/bpietravalle/local/bin/npm" "publish"
17 error node v0.12.7
18 error npm  v2.13.3
19 error Arguments to path.resolve must be strings
20 error If you need help, you may report this error at:
20 error     <https://github.com/npm/npm/issues>
21 verbose exit [ 1, true ]
